{"C:\\Users\\benwa\\Documents\\habit-tracker-front\\assets\\js\\register.js": {"path":"C:\\Users\\benwa\\Documents\\habit-tracker-front\\assets\\js\\register.js","statementMap":{"0":{"start":{"line":20,"column":21},"end":{"line":36,"column":1}},"1":{"start":{"line":22,"column":24},"end":{"line":22,"column":66}},"2":{"start":{"line":25,"column":2},"end":{"line":25,"column":33}},"3":{"start":{"line":27,"column":2},"end":{"line":35,"column":3}},"4":{"start":{"line":28,"column":20},"end":{"line":28,"column":47}},"5":{"start":{"line":29,"column":4},"end":{"line":29,"column":32}},"6":{"start":{"line":30,"column":4},"end":{"line":30,"column":32}},"7":{"start":{"line":31,"column":4},"end":{"line":31,"column":39}},"8":{"start":{"line":34,"column":4},"end":{"line":34,"column":39}},"9":{"start":{"line":39,"column":25},"end":{"line":56,"column":1}},"10":{"start":{"line":42,"column":24},"end":{"line":42,"column":39}},"11":{"start":{"line":45,"column":13},"end":{"line":45,"column":29}},"12":{"start":{"line":47,"column":17},"end":{"line":47,"column":19}},"13":{"start":{"line":49,"column":2},"end":{"line":50,"column":49}},"14":{"start":{"line":50,"column":4},"end":{"line":50,"column":49}},"15":{"start":{"line":52,"column":2},"end":{"line":53,"column":58}},"16":{"start":{"line":53,"column":4},"end":{"line":53,"column":58}},"17":{"start":{"line":55,"column":2},"end":{"line":55,"column":16}},"18":{"start":{"line":59,"column":25},"end":{"line":68,"column":1}},"19":{"start":{"line":60,"column":17},"end":{"line":60,"column":19}},"20":{"start":{"line":62,"column":2},"end":{"line":62,"column":76}},"21":{"start":{"line":62,"column":37},"end":{"line":62,"column":76}},"22":{"start":{"line":64,"column":2},"end":{"line":65,"column":58}},"23":{"start":{"line":65,"column":4},"end":{"line":65,"column":58}},"24":{"start":{"line":67,"column":2},"end":{"line":67,"column":16}},"25":{"start":{"line":78,"column":24},"end":{"line":131,"column":1}},"26":{"start":{"line":79,"column":2},"end":{"line":79,"column":25}},"27":{"start":{"line":82,"column":27},"end":{"line":82,"column":77}},"28":{"start":{"line":83,"column":27},"end":{"line":83,"column":77}},"29":{"start":{"line":84,"column":34},"end":{"line":86,"column":9}},"30":{"start":{"line":87,"column":24},"end":{"line":87,"column":71}},"31":{"start":{"line":89,"column":17},"end":{"line":89,"column":19}},"32":{"start":{"line":92,"column":2},"end":{"line":92,"column":53}},"33":{"start":{"line":95,"column":2},"end":{"line":95,"column":78}},"34":{"start":{"line":99,"column":2},"end":{"line":102,"column":3}},"35":{"start":{"line":100,"column":4},"end":{"line":100,"column":25}},"36":{"start":{"line":101,"column":4},"end":{"line":101,"column":11}},"37":{"start":{"line":103,"column":18},"end":{"line":111,"column":3}},"38":{"start":{"line":112,"column":17},"end":{"line":115,"column":3}},"39":{"start":{"line":116,"column":2},"end":{"line":116,"column":22}},"40":{"start":{"line":117,"column":2},"end":{"line":122,"column":3}},"41":{"start":{"line":118,"column":24},"end":{"line":118,"column":43}},"42":{"start":{"line":119,"column":4},"end":{"line":119,"column":38}},"43":{"start":{"line":120,"column":4},"end":{"line":120,"column":35}},"44":{"start":{"line":121,"column":4},"end":{"line":121,"column":11}},"45":{"start":{"line":124,"column":2},"end":{"line":124,"column":25}},"46":{"start":{"line":125,"column":15},"end":{"line":125,"column":34}},"47":{"start":{"line":126,"column":2},"end":{"line":126,"column":20}},"48":{"start":{"line":127,"column":2},"end":{"line":127,"column":52}},"49":{"start":{"line":128,"column":2},"end":{"line":128,"column":44}},"50":{"start":{"line":136,"column":0},"end":{"line":136,"column":54}}},"fnMap":{"0":{"name":"(anonymous_0)","decl":{"start":{"line":20,"column":21},"end":{"line":20,"column":22}},"loc":{"start":{"line":20,"column":33},"end":{"line":36,"column":1}},"line":20},"1":{"name":"(anonymous_1)","decl":{"start":{"line":39,"column":25},"end":{"line":39,"column":26}},"loc":{"start":{"line":39,"column":39},"end":{"line":56,"column":1}},"line":39},"2":{"name":"(anonymous_2)","decl":{"start":{"line":59,"column":25},"end":{"line":59,"column":26}},"loc":{"start":{"line":59,"column":58},"end":{"line":68,"column":1}},"line":59},"3":{"name":"(anonymous_3)","decl":{"start":{"line":78,"column":24},"end":{"line":78,"column":25}},"loc":{"start":{"line":78,"column":41},"end":{"line":131,"column":1}},"line":78}},"branchMap":{"0":{"loc":{"start":{"line":49,"column":2},"end":{"line":50,"column":49}},"type":"if","locations":[{"start":{"line":49,"column":2},"end":{"line":50,"column":49}},{"start":{"line":49,"column":2},"end":{"line":50,"column":49}}],"line":49},"1":{"loc":{"start":{"line":52,"column":2},"end":{"line":53,"column":58}},"type":"if","locations":[{"start":{"line":52,"column":2},"end":{"line":53,"column":58}},{"start":{"line":52,"column":2},"end":{"line":53,"column":58}}],"line":52},"2":{"loc":{"start":{"line":62,"column":2},"end":{"line":62,"column":76}},"type":"if","locations":[{"start":{"line":62,"column":2},"end":{"line":62,"column":76}},{"start":{"line":62,"column":2},"end":{"line":62,"column":76}}],"line":62},"3":{"loc":{"start":{"line":64,"column":2},"end":{"line":65,"column":58}},"type":"if","locations":[{"start":{"line":64,"column":2},"end":{"line":65,"column":58}},{"start":{"line":64,"column":2},"end":{"line":65,"column":58}}],"line":64},"4":{"loc":{"start":{"line":99,"column":2},"end":{"line":102,"column":3}},"type":"if","locations":[{"start":{"line":99,"column":2},"end":{"line":102,"column":3}},{"start":{"line":99,"column":2},"end":{"line":102,"column":3}}],"line":99},"5":{"loc":{"start":{"line":117,"column":2},"end":{"line":122,"column":3}},"type":"if","locations":[{"start":{"line":117,"column":2},"end":{"line":122,"column":3}},{"start":{"line":117,"column":2},"end":{"line":122,"column":3}}],"line":117},"6":{"loc":{"start":{"line":117,"column":6},"end":{"line":117,"column":52}},"type":"binary-expr","locations":[{"start":{"line":117,"column":6},"end":{"line":117,"column":27}},{"start":{"line":117,"column":31},"end":{"line":117,"column":52}}],"line":117}},"s":{"0":1,"1":0,"2":0,"3":0,"4":0,"5":0,"6":0,"7":0,"8":0,"9":1,"10":2,"11":2,"12":2,"13":2,"14":1,"15":2,"16":1,"17":2,"18":1,"19":2,"20":2,"21":1,"22":2,"23":1,"24":2,"25":1,"26":0,"27":0,"28":0,"29":0,"30":0,"31":0,"32":0,"33":0,"34":0,"35":0,"36":0,"37":0,"38":0,"39":0,"40":0,"41":0,"42":0,"43":0,"44":0,"45":0,"46":0,"47":0,"48":0,"49":0,"50":1},"f":{"0":0,"1":2,"2":2,"3":0},"b":{"0":[1,1],"1":[1,1],"2":[1,1],"3":[1,1],"4":[0,0],"5":[0,0],"6":[0,0]},"_coverageSchema":"1a1c01bbd47fc00a2c39e90264f33305004495a9","hash":"b365a5b5282ce21cb52f4b270b4fe7b8e58888ed"}
}
