TN:
SF:assets\js\register.js
FN:20,(anonymous_0)
FN:39,(anonymous_1)
FN:59,(anonymous_2)
FN:78,(anonymous_3)
FNF:4
FNH:2
FNDA:0,(anonymous_0)
FNDA:2,(anonymous_1)
FNDA:2,(anonymous_2)
FNDA:0,(anonymous_3)
DA:20,1
DA:22,0
DA:25,0
DA:27,0
DA:28,0
DA:29,0
DA:30,0
DA:31,0
DA:34,0
DA:39,1
DA:42,2
DA:45,2
DA:47,2
DA:49,2
DA:50,1
DA:52,2
DA:53,1
DA:55,2
DA:59,1
DA:60,2
DA:62,2
DA:64,2
DA:65,1
DA:67,2
DA:78,1
DA:79,0
DA:82,0
DA:83,0
DA:84,0
DA:87,0
DA:89,0
DA:92,0
DA:95,0
DA:99,0
DA:100,0
DA:101,0
DA:103,0
DA:112,0
DA:116,0
DA:117,0
DA:118,0
DA:119,0
DA:120,0
DA:121,0
DA:124,0
DA:125,0
DA:126,0
DA:127,0
DA:128,0
DA:136,1
LF:50
LH:18
BRDA:49,0,0,1
BRDA:49,0,1,1
BRDA:52,1,0,1
BRDA:52,1,1,1
BRDA:62,2,0,1
BRDA:62,2,1,1
BRDA:64,3,0,1
BRDA:64,3,1,1
BRDA:99,4,0,0
BRDA:99,4,1,0
BRDA:117,5,0,0
BRDA:117,5,1,0
BRDA:117,6,0,0
BRDA:117,6,1,0
BRF:14
BRH:8
end_of_record
